PS C:\work\PowerShell\union\make_csv> c:\work\PowerShell\union\make_csv\excel_extract.ps1


targetdir =  C:\work\PowerShell\union\make_csv


    ディレクトリ: C:\work\PowerShell\union\make_csv


Mode                LastWriteTime         Length Name
----                -------------         ------ ----
-a----       2020/02/23      8:37              0 excel_extract.csv
処理するファイル名： powershell_testdata(B).xlsx
filename =  C:\work\PowerShell\union\make_csv\powershell_testdata(B).xlsx
worksheetname:  System.__ComObject
ファイル名: C:\work\PowerShell\union\make_csv\powershell_testdata(B).xlsx
シート名: testdata
取得したセルの値 年齢: 55
取得したセルの値 性別: 男
取得したセルの値 所属: DEFグループ
取得したセルの値 所属年数: 37
取得したセルの値 Q1: テストQ1の答え
取得したセルの値 Q2: No
取得したセルの値 Q3: テスト2の答え
■csvに書き込むデータ： C:\work\PowerShell\union\make_csv\powershell_testdata(B).xlsx,testdata,55,男,DEFグループ,37,テストQ1の答え,No,テスト2の答え    
worksheetname:  System.__ComObject
ファイル名: C:\work\PowerShell\union\make_csv\powershell_testdata(B).xlsx
シート名: Sheet (2)
取得したセルの値 年齢:
取得したセルの値 性別:
取得したセルの値 所属: 
取得したセルの値 所属年数:
取得したセルの値 Q1:
取得したセルの値 Q2: YES
取得したセルの値 Q3: テスト2
■csvに書き込むデータ： C:\work\PowerShell\union\make_csv\powershell_testdata(B).xlsx,Sheet (2),,,,,,YES,テスト2
処理するファイル名： powershell_testdata.xlsx
filename =  C:\work\PowerShell\union\make_csv\powershell_testdata.xlsx
worksheetname:  System.__ComObject
ファイル名: C:\work\PowerShell\union\make_csv\powershell_testdata.xlsx
シート名: testdata
取得したセルの値 年齢: 25
取得したセルの値 性別: 男
取得したセルの値 所属: ABCグループ
取得したセルの値 所属年数: 15
取得したセルの値 Q1: テストQ1
取得したセルの値 Q2: YES999999999999999999999999999999999999999999999999999999
取得したセルの値 Q3: テスト2
■csvに書き込むデータ： C:\work\PowerShell\union\make_csv\powershell_testdata.xlsx,testdata,25,男,ABCグループ,15,テストQ1,YES999999999999999999999999999999999999999999999999999999,テスト2
worksheetname:  System.__ComObject
ファイル名: C:\work\PowerShell\union\make_csv\powershell_testdata.xlsx
シート名: Sheet (2)
取得したセルの値 年齢: 25
取得したセルの値 性別: 男
取得したセルの値 所属: ABCグループ
取得したセルの値 所属年数: 15
取得したセルの値 Q1: テスト
取得したセルの値 Q2: YES
取得したセルの値 Q3: テスト2
■csvに書き込むデータ： C:\work\PowerShell\union\make_csv\powershell_testdata.xlsx,Sheet (2),25,男,ABCグループ,15,テスト,YES,テスト2
result:  0
おしまい


